{"src/ObjectEventTarget.js":{"path":"src/ObjectEventTarget.js","s":{"1":1,"2":1,"3":1,"4":1,"5":1,"6":9,"7":1,"8":1,"9":9,"10":0,"11":9,"12":0,"13":1,"14":1,"15":1,"16":1,"17":1,"18":30,"19":118,"20":10,"21":8,"22":8,"23":8,"24":2,"25":20,"26":1,"27":12,"28":12,"29":9,"30":9,"31":0,"32":9,"33":9,"34":0,"35":0,"36":0,"37":1,"38":1,"39":9,"40":9,"41":0,"42":0,"43":0,"44":0,"45":0,"46":9,"47":1,"48":0,"49":0,"50":0,"51":0,"52":0,"53":0,"54":0,"55":0,"56":0,"57":0,"58":0,"59":0,"60":0,"61":0,"62":0,"63":0,"64":0,"65":0,"66":0,"67":1,"68":12,"69":0,"70":12,"71":12,"72":12,"73":10,"74":2,"75":2,"76":0,"77":2,"78":0,"79":2,"80":2,"81":2,"82":2,"83":2,"84":2,"85":2,"86":2,"87":2,"88":2,"89":2,"90":2,"91":2,"92":2,"93":2,"94":2,"95":2,"96":2,"97":2,"98":1,"99":0,"100":0,"101":1,"102":1,"103":1,"104":1,"105":0,"106":1,"107":21,"108":0,"109":1,"110":1,"111":9,"112":9,"113":1,"114":0,"115":0,"116":1,"117":12,"118":12,"119":1,"120":1,"121":1,"122":21,"123":2,"124":19,"125":19,"126":19,"127":19,"128":1,"129":19,"130":19,"131":19,"132":19,"133":19,"134":19,"135":1,"136":1,"137":1,"138":11,"139":11,"140":11,"141":11,"142":4,"143":4,"144":11,"145":11,"146":11,"147":11,"148":11,"149":4,"150":4,"151":4,"152":0,"153":0,"154":4,"155":4,"156":4,"157":0,"158":0,"159":4,"160":4,"161":4,"162":0,"163":0,"164":1,"165":0,"166":1,"167":1,"168":1,"169":1,"170":2,"171":2,"172":9,"173":9,"174":2,"175":1,"176":1,"177":1,"178":0,"179":1,"180":1,"181":1,"182":0},"b":{"1":[1,0,1],"2":[1,0],"3":[0,9],"4":[9,9],"5":[0,9],"6":[1,1],"7":[1,0],"8":[10,108],"9":[8,2],"10":[12,10],"11":[0,9],"12":[0,0],"13":[0,9],"14":[0,0],"15":[0,0],"16":[0,0],"17":[0,0],"18":[0,0],"19":[0,0],"20":[0,12],"21":[12,12],"22":[10,2],"23":[0,2],"24":[0,2],"25":[2,0],"26":[2,0],"27":[2,2],"28":[2,0],"29":[1,1],"30":[0,1],"31":[0,21],"32":[2,19],"33":[19,16],"34":[1,18],"35":[11,2],"36":[4,7],"37":[11,7],"38":[11,2],"39":[4,7],"40":[4,0],"41":[4,2],"42":[4,0],"43":[4,2],"44":[4,0],"45":[4,2],"46":[1,0],"47":[9,0],"48":[0,1],"49":[0,1],"50":[1,0]},"f":{"1":1,"2":9,"3":9,"4":1,"5":30,"6":12,"7":9,"8":9,"9":0,"10":9,"11":0,"12":12,"13":0,"14":1,"15":21,"16":9,"17":0,"18":12,"19":21,"20":11,"21":0,"22":0,"23":0,"24":0,"25":0,"26":0,"27":0,"28":1,"29":2},"fnMap":{"1":{"name":"(anonymous_1)","line":18,"loc":{"start":{"line":18,"column":1},"end":{"line":18,"column":16}}},"2":{"name":"EventsMap","line":27,"loc":{"start":{"line":27,"column":16},"end":{"line":27,"column":50}}},"3":{"name":"typeErrors","line":33,"loc":{"start":{"line":33,"column":2},"end":{"line":33,"column":37}}},"4":{"name":"WeakMapArrayShim","line":44,"loc":{"start":{"line":44,"column":14},"end":{"line":44,"column":41}}},"5":{"name":"(anonymous_5)","line":52,"loc":{"start":{"line":52,"column":15},"end":{"line":52,"column":34}}},"6":{"name":"(anonymous_6)","line":70,"loc":{"start":{"line":70,"column":11},"end":{"line":70,"column":25}}},"7":{"name":"(anonymous_7)","line":74,"loc":{"start":{"line":74,"column":11},"end":{"line":74,"column":32}}},"8":{"name":"(anonymous_8)","line":82,"loc":{"start":{"line":82,"column":11},"end":{"line":82,"column":25}}},"9":{"name":"(anonymous_9)","line":85,"loc":{"start":{"line":85,"column":14},"end":{"line":85,"column":28}}},"10":{"name":"add","line":95,"loc":{"start":{"line":95,"column":2},"end":{"line":95,"column":35}}},"11":{"name":"remove","line":111,"loc":{"start":{"line":111,"column":2},"end":{"line":111,"column":38}}},"12":{"name":"dispatch","line":148,"loc":{"start":{"line":148,"column":2},"end":{"line":148,"column":31}}},"13":{"name":"(anonymous_13)","line":210,"loc":{"start":{"line":210,"column":17},"end":{"line":210,"column":27}}},"14":{"name":"ObjectEventTarget","line":221,"loc":{"start":{"line":221,"column":2},"end":{"line":221,"column":30}}},"15":{"name":"illegalIvovation","line":228,"loc":{"start":{"line":228,"column":4},"end":{"line":228,"column":38}}},"16":{"name":"(anonymous_16)","line":236,"loc":{"start":{"line":236,"column":28},"end":{"line":236,"column":52}}},"17":{"name":"(anonymous_17)","line":241,"loc":{"start":{"line":241,"column":31},"end":{"line":241,"column":55}}},"18":{"name":"(anonymous_18)","line":246,"loc":{"start":{"line":246,"column":25},"end":{"line":246,"column":40}}},"19":{"name":"ObjectEvent","line":255,"loc":{"start":{"line":255,"column":2},"end":{"line":255,"column":37}}},"20":{"name":"(anonymous_20)","line":284,"loc":{"start":{"line":284,"column":36},"end":{"line":284,"column":47}}},"21":{"name":"(anonymous_21)","line":312,"loc":{"start":{"line":312,"column":48},"end":{"line":312,"column":58}}},"22":{"name":"(anonymous_22)","line":313,"loc":{"start":{"line":313,"column":25},"end":{"line":313,"column":35}}},"23":{"name":"(anonymous_23)","line":319,"loc":{"start":{"line":319,"column":58},"end":{"line":319,"column":68}}},"24":{"name":"(anonymous_24)","line":320,"loc":{"start":{"line":320,"column":30},"end":{"line":320,"column":40}}},"25":{"name":"(anonymous_25)","line":326,"loc":{"start":{"line":326,"column":78},"end":{"line":326,"column":88}}},"26":{"name":"(anonymous_26)","line":327,"loc":{"start":{"line":327,"column":40},"end":{"line":327,"column":50}}},"27":{"name":"(anonymous_27)","line":334,"loc":{"start":{"line":334,"column":41},"end":{"line":334,"column":51}}},"28":{"name":"(anonymous_28)","line":338,"loc":{"start":{"line":338,"column":51},"end":{"line":338,"column":61}}},"29":{"name":"(anonymous_29)","line":345,"loc":{"start":{"line":345,"column":31},"end":{"line":345,"column":51}}}},"statementMap":{"1":{"start":{"line":18,"column":0},"end":{"line":379,"column":9}},"2":{"start":{"line":22,"column":2},"end":{"line":22,"column":79}},"3":{"start":{"line":25,"column":2},"end":{"line":25,"column":36}},"4":{"start":{"line":26,"column":2},"end":{"line":31,"column":3}},"5":{"start":{"line":27,"column":4},"end":{"line":29,"column":6}},"6":{"start":{"line":28,"column":6},"end":{"line":28,"column":30}},"7":{"start":{"line":30,"column":4},"end":{"line":30,"column":43}},"8":{"start":{"line":33,"column":2},"end":{"line":40,"column":3}},"9":{"start":{"line":34,"column":4},"end":{"line":36,"column":5}},"10":{"start":{"line":35,"column":6},"end":{"line":35,"column":71}},"11":{"start":{"line":37,"column":4},"end":{"line":39,"column":5}},"12":{"start":{"line":38,"column":6},"end":{"line":38,"column":57}},"13":{"start":{"line":42,"column":2},"end":{"line":42,"column":48}},"14":{"start":{"line":43,"column":2},"end":{"line":92,"column":3}},"15":{"start":{"line":44,"column":4},"end":{"line":51,"column":6}},"16":{"start":{"line":50,"column":6},"end":{"line":50,"column":20}},"17":{"start":{"line":52,"column":4},"end":{"line":68,"column":6}},"18":{"start":{"line":57,"column":6},"end":{"line":66,"column":7}},"19":{"start":{"line":58,"column":8},"end":{"line":65,"column":9}},"20":{"start":{"line":59,"column":10},"end":{"line":63,"column":11}},"21":{"start":{"line":60,"column":12},"end":{"line":60,"column":37}},"22":{"start":{"line":61,"column":12},"end":{"line":61,"column":27}},"23":{"start":{"line":62,"column":12},"end":{"line":62,"column":21}},"24":{"start":{"line":64,"column":10},"end":{"line":64,"column":24}},"25":{"start":{"line":67,"column":6},"end":{"line":67,"column":13}},"26":{"start":{"line":69,"column":4},"end":{"line":91,"column":6}},"27":{"start":{"line":71,"column":8},"end":{"line":71,"column":39}},"28":{"start":{"line":72,"column":8},"end":{"line":72,"column":34}},"29":{"start":{"line":75,"column":8},"end":{"line":75,"column":39}},"30":{"start":{"line":76,"column":8},"end":{"line":80,"column":9}},"31":{"start":{"line":77,"column":10},"end":{"line":77,"column":29}},"32":{"start":{"line":79,"column":10},"end":{"line":79,"column":50}},"33":{"start":{"line":83,"column":8},"end":{"line":83,"column":37}},"34":{"start":{"line":86,"column":8},"end":{"line":86,"column":39}},"35":{"start":{"line":87,"column":8},"end":{"line":89,"column":9}},"36":{"start":{"line":88,"column":10},"end":{"line":88,"column":27}},"37":{"start":{"line":94,"column":2},"end":{"line":94,"column":26}},"38":{"start":{"line":95,"column":2},"end":{"line":109,"column":3}},"39":{"start":{"line":98,"column":4},"end":{"line":98,"column":31}},"40":{"start":{"line":100,"column":4},"end":{"line":107,"column":5}},"41":{"start":{"line":101,"column":6},"end":{"line":104,"column":7}},"42":{"start":{"line":102,"column":8},"end":{"line":102,"column":42}},"43":{"start":{"line":103,"column":8},"end":{"line":103,"column":15}},"44":{"start":{"line":105,"column":6},"end":{"line":105,"column":38}},"45":{"start":{"line":106,"column":6},"end":{"line":106,"column":13}},"46":{"start":{"line":108,"column":4},"end":{"line":108,"column":48}},"47":{"start":{"line":111,"column":2},"end":{"line":146,"column":3}},"48":{"start":{"line":115,"column":4},"end":{"line":115,"column":31}},"49":{"start":{"line":117,"column":4},"end":{"line":119,"column":5}},"50":{"start":{"line":118,"column":6},"end":{"line":118,"column":13}},"51":{"start":{"line":120,"column":4},"end":{"line":120,"column":33}},"52":{"start":{"line":121,"column":4},"end":{"line":121,"column":37}},"53":{"start":{"line":122,"column":4},"end":{"line":124,"column":5}},"54":{"start":{"line":123,"column":6},"end":{"line":123,"column":13}},"55":{"start":{"line":125,"column":4},"end":{"line":125,"column":43}},"56":{"start":{"line":126,"column":4},"end":{"line":128,"column":5}},"57":{"start":{"line":127,"column":6},"end":{"line":127,"column":13}},"58":{"start":{"line":130,"column":4},"end":{"line":133,"column":5}},"59":{"start":{"line":131,"column":6},"end":{"line":131,"column":32}},"60":{"start":{"line":132,"column":6},"end":{"line":132,"column":41}},"61":{"start":{"line":136,"column":4},"end":{"line":138,"column":5}},"62":{"start":{"line":137,"column":6},"end":{"line":137,"column":29}},"63":{"start":{"line":141,"column":4},"end":{"line":144,"column":5}},"64":{"start":{"line":142,"column":4},"end":{"line":144,"column":5}},"65":{"start":{"line":143,"column":6},"end":{"line":143,"column":13}},"66":{"start":{"line":145,"column":4},"end":{"line":145,"column":20}},"67":{"start":{"line":148,"column":2},"end":{"line":219,"column":3}},"68":{"start":{"line":152,"column":4},"end":{"line":154,"column":5}},"69":{"start":{"line":153,"column":6},"end":{"line":153,"column":48}},"70":{"start":{"line":157,"column":4},"end":{"line":157,"column":48}},"71":{"start":{"line":159,"column":4},"end":{"line":159,"column":33}},"72":{"start":{"line":160,"column":4},"end":{"line":162,"column":5}},"73":{"start":{"line":161,"column":6},"end":{"line":161,"column":18}},"74":{"start":{"line":163,"column":4},"end":{"line":163,"column":44}},"75":{"start":{"line":164,"column":4},"end":{"line":166,"column":5}},"76":{"start":{"line":165,"column":6},"end":{"line":165,"column":18}},"77":{"start":{"line":170,"column":4},"end":{"line":172,"column":5}},"78":{"start":{"line":171,"column":6},"end":{"line":171,"column":18}},"79":{"start":{"line":175,"column":4},"end":{"line":175,"column":27}},"80":{"start":{"line":176,"column":4},"end":{"line":176,"column":40}},"81":{"start":{"line":177,"column":4},"end":{"line":177,"column":26}},"82":{"start":{"line":180,"column":4},"end":{"line":180,"column":26}},"83":{"start":{"line":181,"column":4},"end":{"line":183,"column":5}},"84":{"start":{"line":182,"column":6},"end":{"line":182,"column":27}},"85":{"start":{"line":184,"column":4},"end":{"line":184,"column":26}},"86":{"start":{"line":187,"column":4},"end":{"line":187,"column":38}},"87":{"start":{"line":188,"column":4},"end":{"line":213,"column":5}},"88":{"start":{"line":189,"column":6},"end":{"line":208,"column":7}},"89":{"start":{"line":191,"column":8},"end":{"line":191,"column":59}},"90":{"start":{"line":192,"column":8},"end":{"line":192,"column":38}},"91":{"start":{"line":193,"column":8},"end":{"line":193,"column":40}},"92":{"start":{"line":194,"column":8},"end":{"line":194,"column":46}},"93":{"start":{"line":195,"column":8},"end":{"line":195,"column":26}},"94":{"start":{"line":196,"column":8},"end":{"line":196,"column":26}},"95":{"start":{"line":199,"column":8},"end":{"line":199,"column":40}},"96":{"start":{"line":202,"column":8},"end":{"line":202,"column":77}},"97":{"start":{"line":205,"column":8},"end":{"line":207,"column":9}},"98":{"start":{"line":206,"column":10},"end":{"line":206,"column":29}},"99":{"start":{"line":210,"column":6},"end":{"line":212,"column":9}},"100":{"start":{"line":211,"column":8},"end":{"line":211,"column":16}},"101":{"start":{"line":215,"column":4},"end":{"line":215,"column":50}},"102":{"start":{"line":218,"column":4},"end":{"line":218,"column":23}},"103":{"start":{"line":221,"column":2},"end":{"line":250,"column":3}},"104":{"start":{"line":224,"column":4},"end":{"line":226,"column":5}},"105":{"start":{"line":225,"column":6},"end":{"line":225,"column":49}},"106":{"start":{"line":228,"column":4},"end":{"line":232,"column":5}},"107":{"start":{"line":229,"column":6},"end":{"line":231,"column":7}},"108":{"start":{"line":230,"column":8},"end":{"line":230,"column":50}},"109":{"start":{"line":234,"column":4},"end":{"line":234,"column":41}},"110":{"start":{"line":236,"column":4},"end":{"line":239,"column":6}},"111":{"start":{"line":237,"column":6},"end":{"line":237,"column":29}},"112":{"start":{"line":238,"column":6},"end":{"line":238,"column":32}},"113":{"start":{"line":241,"column":4},"end":{"line":244,"column":6}},"114":{"start":{"line":242,"column":6},"end":{"line":242,"column":29}},"115":{"start":{"line":243,"column":6},"end":{"line":243,"column":35}},"116":{"start":{"line":246,"column":4},"end":{"line":249,"column":6}},"117":{"start":{"line":247,"column":6},"end":{"line":247,"column":29}},"118":{"start":{"line":248,"column":6},"end":{"line":248,"column":35}},"119":{"start":{"line":252,"column":2},"end":{"line":252,"column":49}},"120":{"start":{"line":253,"column":2},"end":{"line":253,"column":56}},"121":{"start":{"line":255,"column":2},"end":{"line":281,"column":3}},"122":{"start":{"line":256,"column":4},"end":{"line":258,"column":5}},"123":{"start":{"line":257,"column":6},"end":{"line":257,"column":98}},"124":{"start":{"line":260,"column":4},"end":{"line":260,"column":28}},"125":{"start":{"line":263,"column":4},"end":{"line":263,"column":32}},"126":{"start":{"line":266,"column":4},"end":{"line":266,"column":50}},"127":{"start":{"line":269,"column":4},"end":{"line":271,"column":5}},"128":{"start":{"line":270,"column":6},"end":{"line":270,"column":35}},"129":{"start":{"line":274,"column":4},"end":{"line":274,"column":49}},"130":{"start":{"line":276,"column":4},"end":{"line":276,"column":19}},"131":{"start":{"line":277,"column":4},"end":{"line":277,"column":45}},"132":{"start":{"line":278,"column":4},"end":{"line":278,"column":34}},"133":{"start":{"line":279,"column":4},"end":{"line":279,"column":28}},"134":{"start":{"line":280,"column":4},"end":{"line":280,"column":29}},"135":{"start":{"line":282,"column":2},"end":{"line":282,"column":38}},"136":{"start":{"line":283,"column":2},"end":{"line":283,"column":33}},"137":{"start":{"line":284,"column":2},"end":{"line":333,"column":4}},"138":{"start":{"line":288,"column":4},"end":{"line":288,"column":50}},"139":{"start":{"line":291,"column":4},"end":{"line":291,"column":47}},"140":{"start":{"line":294,"column":4},"end":{"line":294,"column":49}},"141":{"start":{"line":297,"column":4},"end":{"line":302,"column":5}},"142":{"start":{"line":299,"column":6},"end":{"line":301,"column":17}},"143":{"start":{"line":300,"column":8},"end":{"line":300,"column":23}},"144":{"start":{"line":304,"column":4},"end":{"line":304,"column":81}},"145":{"start":{"line":305,"column":4},"end":{"line":305,"column":78}},"146":{"start":{"line":306,"column":4},"end":{"line":306,"column":28}},"147":{"start":{"line":307,"column":4},"end":{"line":307,"column":34}},"148":{"start":{"line":310,"column":4},"end":{"line":332,"column":5}},"149":{"start":{"line":311,"column":6},"end":{"line":317,"column":7}},"150":{"start":{"line":312,"column":8},"end":{"line":312,"column":61}},"151":{"start":{"line":313,"column":8},"end":{"line":316,"column":10}},"152":{"start":{"line":314,"column":10},"end":{"line":314,"column":49}},"153":{"start":{"line":315,"column":10},"end":{"line":315,"column":65}},"154":{"start":{"line":318,"column":6},"end":{"line":324,"column":7}},"155":{"start":{"line":319,"column":8},"end":{"line":319,"column":71}},"156":{"start":{"line":320,"column":8},"end":{"line":323,"column":10}},"157":{"start":{"line":321,"column":10},"end":{"line":321,"column":54}},"158":{"start":{"line":322,"column":10},"end":{"line":322,"column":70}},"159":{"start":{"line":325,"column":6},"end":{"line":331,"column":7}},"160":{"start":{"line":326,"column":8},"end":{"line":326,"column":91}},"161":{"start":{"line":327,"column":8},"end":{"line":330,"column":10}},"162":{"start":{"line":328,"column":10},"end":{"line":328,"column":64}},"163":{"start":{"line":329,"column":10},"end":{"line":329,"column":80}},"164":{"start":{"line":334,"column":2},"end":{"line":337,"column":4}},"165":{"start":{"line":336,"column":4},"end":{"line":336,"column":46}},"166":{"start":{"line":338,"column":2},"end":{"line":341,"column":4}},"167":{"start":{"line":340,"column":4},"end":{"line":340,"column":44}},"168":{"start":{"line":344,"column":2},"end":{"line":362,"column":3}},"169":{"start":{"line":345,"column":4},"end":{"line":356,"column":6}},"170":{"start":{"line":346,"column":6},"end":{"line":346,"column":21}},"171":{"start":{"line":347,"column":6},"end":{"line":354,"column":7}},"172":{"start":{"line":348,"column":8},"end":{"line":353,"column":9}},"173":{"start":{"line":349,"column":10},"end":{"line":352,"column":12}},"174":{"start":{"line":355,"column":6},"end":{"line":355,"column":32}},"175":{"start":{"line":359,"column":4},"end":{"line":359,"column":87}},"176":{"start":{"line":361,"column":4},"end":{"line":361,"column":93}},"177":{"start":{"line":365,"column":2},"end":{"line":368,"column":3}},"178":{"start":{"line":367,"column":4},"end":{"line":367,"column":18}},"179":{"start":{"line":369,"column":2},"end":{"line":369,"column":45}},"180":{"start":{"line":370,"column":2},"end":{"line":370,"column":33}},"181":{"start":{"line":373,"column":2},"end":{"line":378,"column":3}},"182":{"start":{"line":374,"column":4},"end":{"line":377,"column":6}}},"branchMap":{"1":{"line":22,"type":"binary-expr","locations":[{"start":{"line":22,"column":16},"end":{"line":22,"column":38}},{"start":{"line":22,"column":42},"end":{"line":22,"column":72}},{"start":{"line":22,"column":76},"end":{"line":22,"column":78}}]},"2":{"line":26,"type":"if","locations":[{"start":{"line":26,"column":2},"end":{"line":26,"column":2}},{"start":{"line":26,"column":2},"end":{"line":26,"column":2}}]},"3":{"line":34,"type":"if","locations":[{"start":{"line":34,"column":4},"end":{"line":34,"column":4}},{"start":{"line":34,"column":4},"end":{"line":34,"column":4}}]},"4":{"line":34,"type":"binary-expr","locations":[{"start":{"line":34,"column":8},"end":{"line":34,"column":32}},{"start":{"line":34,"column":36},"end":{"line":34,"column":53}}]},"5":{"line":37,"type":"if","locations":[{"start":{"line":37,"column":4},"end":{"line":37,"column":4}},{"start":{"line":37,"column":4},"end":{"line":37,"column":4}}]},"6":{"line":42,"type":"binary-expr","locations":[{"start":{"line":42,"column":16},"end":{"line":42,"column":31}},{"start":{"line":42,"column":35},"end":{"line":42,"column":47}}]},"7":{"line":43,"type":"if","locations":[{"start":{"line":43,"column":2},"end":{"line":43,"column":2}},{"start":{"line":43,"column":2},"end":{"line":43,"column":2}}]},"8":{"line":58,"type":"if","locations":[{"start":{"line":58,"column":8},"end":{"line":58,"column":8}},{"start":{"line":58,"column":8},"end":{"line":58,"column":8}}]},"9":{"line":59,"type":"if","locations":[{"start":{"line":59,"column":10},"end":{"line":59,"column":10}},{"start":{"line":59,"column":10},"end":{"line":59,"column":10}}]},"10":{"line":72,"type":"binary-expr","locations":[{"start":{"line":72,"column":15},"end":{"line":72,"column":19}},{"start":{"line":72,"column":23},"end":{"line":72,"column":33}}]},"11":{"line":76,"type":"if","locations":[{"start":{"line":76,"column":8},"end":{"line":76,"column":8}},{"start":{"line":76,"column":8},"end":{"line":76,"column":8}}]},"12":{"line":87,"type":"if","locations":[{"start":{"line":87,"column":8},"end":{"line":87,"column":8}},{"start":{"line":87,"column":8},"end":{"line":87,"column":8}}]},"13":{"line":100,"type":"if","locations":[{"start":{"line":100,"column":4},"end":{"line":100,"column":4}},{"start":{"line":100,"column":4},"end":{"line":100,"column":4}}]},"14":{"line":101,"type":"if","locations":[{"start":{"line":101,"column":6},"end":{"line":101,"column":6}},{"start":{"line":101,"column":6},"end":{"line":101,"column":6}}]},"15":{"line":117,"type":"if","locations":[{"start":{"line":117,"column":4},"end":{"line":117,"column":4}},{"start":{"line":117,"column":4},"end":{"line":117,"column":4}}]},"16":{"line":122,"type":"if","locations":[{"start":{"line":122,"column":4},"end":{"line":122,"column":4}},{"start":{"line":122,"column":4},"end":{"line":122,"column":4}}]},"17":{"line":126,"type":"if","locations":[{"start":{"line":126,"column":4},"end":{"line":126,"column":4}},{"start":{"line":126,"column":4},"end":{"line":126,"column":4}}]},"18":{"line":136,"type":"if","locations":[{"start":{"line":136,"column":4},"end":{"line":136,"column":4}},{"start":{"line":136,"column":4},"end":{"line":136,"column":4}}]},"19":{"line":142,"type":"if","locations":[{"start":{"line":142,"column":4},"end":{"line":142,"column":4}},{"start":{"line":142,"column":4},"end":{"line":142,"column":4}}]},"20":{"line":152,"type":"if","locations":[{"start":{"line":152,"column":4},"end":{"line":152,"column":4}},{"start":{"line":152,"column":4},"end":{"line":152,"column":4}}]},"21":{"line":152,"type":"binary-expr","locations":[{"start":{"line":152,"column":8},"end":{"line":152,"column":14}},{"start":{"line":152,"column":18},"end":{"line":152,"column":48}}]},"22":{"line":160,"type":"if","locations":[{"start":{"line":160,"column":4},"end":{"line":160,"column":4}},{"start":{"line":160,"column":4},"end":{"line":160,"column":4}}]},"23":{"line":164,"type":"if","locations":[{"start":{"line":164,"column":4},"end":{"line":164,"column":4}},{"start":{"line":164,"column":4},"end":{"line":164,"column":4}}]},"24":{"line":170,"type":"if","locations":[{"start":{"line":170,"column":4},"end":{"line":170,"column":4}},{"start":{"line":170,"column":4},"end":{"line":170,"column":4}}]},"25":{"line":170,"type":"binary-expr","locations":[{"start":{"line":170,"column":8},"end":{"line":170,"column":31}},{"start":{"line":170,"column":35},"end":{"line":170,"column":52}}]},"26":{"line":181,"type":"if","locations":[{"start":{"line":181,"column":4},"end":{"line":181,"column":4}},{"start":{"line":181,"column":4},"end":{"line":181,"column":4}}]},"27":{"line":202,"type":"binary-expr","locations":[{"start":{"line":202,"column":22},"end":{"line":202,"column":33}},{"start":{"line":202,"column":37},"end":{"line":202,"column":76}}]},"28":{"line":202,"type":"binary-expr","locations":[{"start":{"line":202,"column":39},"end":{"line":202,"column":49}},{"start":{"line":202,"column":53},"end":{"line":202,"column":75}}]},"29":{"line":205,"type":"if","locations":[{"start":{"line":205,"column":8},"end":{"line":205,"column":8}},{"start":{"line":205,"column":8},"end":{"line":205,"column":8}}]},"30":{"line":224,"type":"if","locations":[{"start":{"line":224,"column":4},"end":{"line":224,"column":4}},{"start":{"line":224,"column":4},"end":{"line":224,"column":4}}]},"31":{"line":229,"type":"if","locations":[{"start":{"line":229,"column":6},"end":{"line":229,"column":6}},{"start":{"line":229,"column":6},"end":{"line":229,"column":6}}]},"32":{"line":256,"type":"if","locations":[{"start":{"line":256,"column":4},"end":{"line":256,"column":4}},{"start":{"line":256,"column":4},"end":{"line":256,"column":4}}]},"33":{"line":260,"type":"binary-expr","locations":[{"start":{"line":260,"column":14},"end":{"line":260,"column":21}},{"start":{"line":260,"column":25},"end":{"line":260,"column":27}}]},"34":{"line":269,"type":"if","locations":[{"start":{"line":269,"column":4},"end":{"line":269,"column":4}},{"start":{"line":269,"column":4},"end":{"line":269,"column":4}}]},"35":{"line":288,"type":"binary-expr","locations":[{"start":{"line":288,"column":21},"end":{"line":288,"column":35}},{"start":{"line":288,"column":39},"end":{"line":288,"column":49}}]},"36":{"line":297,"type":"if","locations":[{"start":{"line":297,"column":4},"end":{"line":297,"column":4}},{"start":{"line":297,"column":4},"end":{"line":297,"column":4}}]},"37":{"line":297,"type":"binary-expr","locations":[{"start":{"line":297,"column":8},"end":{"line":297,"column":18}},{"start":{"line":297,"column":22},"end":{"line":297,"column":37}}]},"38":{"line":305,"type":"binary-expr","locations":[{"start":{"line":305,"column":28},"end":{"line":305,"column":43}},{"start":{"line":305,"column":47},"end":{"line":305,"column":77}}]},"39":{"line":310,"type":"if","locations":[{"start":{"line":310,"column":4},"end":{"line":310,"column":4}},{"start":{"line":310,"column":4},"end":{"line":310,"column":4}}]},"40":{"line":311,"type":"if","locations":[{"start":{"line":311,"column":6},"end":{"line":311,"column":6}},{"start":{"line":311,"column":6},"end":{"line":311,"column":6}}]},"41":{"line":312,"type":"binary-expr","locations":[{"start":{"line":312,"column":30},"end":{"line":312,"column":44}},{"start":{"line":312,"column":48},"end":{"line":312,"column":60}}]},"42":{"line":318,"type":"if","locations":[{"start":{"line":318,"column":6},"end":{"line":318,"column":6}},{"start":{"line":318,"column":6},"end":{"line":318,"column":6}}]},"43":{"line":319,"type":"binary-expr","locations":[{"start":{"line":319,"column":35},"end":{"line":319,"column":54}},{"start":{"line":319,"column":58},"end":{"line":319,"column":70}}]},"44":{"line":325,"type":"if","locations":[{"start":{"line":325,"column":6},"end":{"line":325,"column":6}},{"start":{"line":325,"column":6},"end":{"line":325,"column":6}}]},"45":{"line":326,"type":"binary-expr","locations":[{"start":{"line":326,"column":45},"end":{"line":326,"column":74}},{"start":{"line":326,"column":78},"end":{"line":326,"column":90}}]},"46":{"line":344,"type":"if","locations":[{"start":{"line":344,"column":2},"end":{"line":344,"column":2}},{"start":{"line":344,"column":2},"end":{"line":344,"column":2}}]},"47":{"line":348,"type":"if","locations":[{"start":{"line":348,"column":8},"end":{"line":348,"column":8}},{"start":{"line":348,"column":8},"end":{"line":348,"column":8}}]},"48":{"line":365,"type":"if","locations":[{"start":{"line":365,"column":2},"end":{"line":365,"column":2}},{"start":{"line":365,"column":2},"end":{"line":365,"column":2}}]},"49":{"line":373,"type":"if","locations":[{"start":{"line":373,"column":2},"end":{"line":373,"column":2}},{"start":{"line":373,"column":2},"end":{"line":373,"column":2}}]},"50":{"line":373,"type":"binary-expr","locations":[{"start":{"line":373,"column":6},"end":{"line":373,"column":35}},{"start":{"line":373,"column":39},"end":{"line":373,"column":76}}]}}}}