<?xml version="1.0" encoding="UTF-8" ?>
<testsuites>

  <testsuite name="ObjectEvent should be ran ïnitEvent&quot;" errors="0" tests="3" failures="0" time="0.003" timestamp="Tue Jan 06 2015 23:37:47 GMT-0800 (PST)">
    
      <testcase assertions="0" classname="ObjectEvent should be ran ïnitEvent&quot;" name="when dispatching a event" time="0.001">
        
      </testcase>
    
      <testcase assertions="0" classname="ObjectEvent should be ran ïnitEvent&quot;" name="even when it&#39;s a native event" time="0">
        
      </testcase>
    
      <testcase assertions="0" classname="ObjectEvent should be ran ïnitEvent&quot;" name="even when it&#39;s a literal object with type" time="0.001">
        
      </testcase>
    
  </testsuite>

</testsuites>