<?xml version="1.0" encoding="UTF-8" ?>
<testsuites>

  <testsuite name="ObjectEvent should be ran ïnitEvent&quot;" errors="0" tests="3" failures="0" time="0.021" timestamp="Thu Jan 08 2015 23:01:57 GMT-0800 (PST)">
    
      <testcase assertions="0" classname="ObjectEvent should be ran ïnitEvent&quot;" name="when dispatching a event" time="0.011">
        
      </testcase>
    
      <testcase assertions="0" classname="ObjectEvent should be ran ïnitEvent&quot;" name="even when it&#39;s a native event" time="0.002">
        
      </testcase>
    
      <testcase assertions="0" classname="ObjectEvent should be ran ïnitEvent&quot;" name="even when it&#39;s a literal object with type" time="0.001">
        
      </testcase>
    
  </testsuite>

</testsuites>