<?xml version="1.0" ?>
<!DOCTYPE coverage SYSTEM "http://cobertura.sourceforge.net/xml/coverage-04.dtd">
<coverage lines-valid="171"  lines-covered="84"  line-rate="0.49119999999999997"  branches-valid="93"  branches-covered="33"  branch-rate="0.35479999999999995"  timestamp="1420614031334" complexity="0" version="0.1">
<sources>
	<source>/Users/gartz/Projects/ObjectEventTarget</source>
</sources>
<packages>
	<package name="."  line-rate="0.49119999999999997"  branch-rate="0.35479999999999995" >
	<classes>
		<class name="ObjectEventTarget.js"  filename="ObjectEventTarget.js"  line-rate="0.49119999999999997"  branch-rate="0.35479999999999995" >
		<methods>
			<method name="(anonymous_1)"  hits="1"  signature="()V" >
				<lines><line number="18"  hits="1" /></lines>
			</method>
			<method name="EventsMap"  hits="0"  signature="()V" >
				<lines><line number="27"  hits="0" /></lines>
			</method>
			<method name="typeErrors"  hits="0"  signature="()V" >
				<lines><line number="33"  hits="0" /></lines>
			</method>
			<method name="WeakMapArrayShim"  hits="1"  signature="()V" >
				<lines><line number="44"  hits="1" /></lines>
			</method>
			<method name="(anonymous_5)"  hits="4"  signature="()V" >
				<lines><line number="52"  hits="4" /></lines>
			</method>
			<method name="(anonymous_6)"  hits="4"  signature="()V" >
				<lines><line number="70"  hits="4" /></lines>
			</method>
			<method name="(anonymous_7)"  hits="0"  signature="()V" >
				<lines><line number="74"  hits="0" /></lines>
			</method>
			<method name="(anonymous_8)"  hits="0"  signature="()V" >
				<lines><line number="82"  hits="0" /></lines>
			</method>
			<method name="(anonymous_9)"  hits="0"  signature="()V" >
				<lines><line number="85"  hits="0" /></lines>
			</method>
			<method name="add"  hits="0"  signature="()V" >
				<lines><line number="95"  hits="0" /></lines>
			</method>
			<method name="remove"  hits="0"  signature="()V" >
				<lines><line number="111"  hits="0" /></lines>
			</method>
			<method name="dispatch"  hits="4"  signature="()V" >
				<lines><line number="148"  hits="4" /></lines>
			</method>
			<method name="(anonymous_13)"  hits="0"  signature="()V" >
				<lines><line number="210"  hits="0" /></lines>
			</method>
			<method name="ObjectEventTarget"  hits="1"  signature="()V" >
				<lines><line number="221"  hits="1" /></lines>
			</method>
			<method name="illegalIvovation"  hits="4"  signature="()V" >
				<lines><line number="228"  hits="4" /></lines>
			</method>
			<method name="(anonymous_16)"  hits="0"  signature="()V" >
				<lines><line number="236"  hits="0" /></lines>
			</method>
			<method name="(anonymous_17)"  hits="0"  signature="()V" >
				<lines><line number="241"  hits="0" /></lines>
			</method>
			<method name="(anonymous_18)"  hits="4"  signature="()V" >
				<lines><line number="246"  hits="4" /></lines>
			</method>
			<method name="ObjectEvent"  hits="15"  signature="()V" >
				<lines><line number="255"  hits="15" /></lines>
			</method>
			<method name="(anonymous_20)"  hits="2"  signature="()V" >
				<lines><line number="284"  hits="2" /></lines>
			</method>
			<method name="(anonymous_21)"  hits="0"  signature="()V" >
				<lines><line number="318"  hits="0" /></lines>
			</method>
			<method name="(anonymous_22)"  hits="0"  signature="()V" >
				<lines><line number="322"  hits="0" /></lines>
			</method>
			<method name="(anonymous_23)"  hits="2"  signature="()V" >
				<lines><line number="329"  hits="2" /></lines>
			</method>
		</methods>
		<lines>
			<line number="18"  hits="1"  branch="false" />
			<line number="22"  hits="1"  branch="true"  condition-coverage="66.66666666666666% (2/3)" />
			<line number="25"  hits="1"  branch="false" />
			<line number="26"  hits="1"  branch="true"  condition-coverage="50% (1/2)" />
			<line number="27"  hits="1"  branch="false" />
			<line number="28"  hits="0"  branch="false" />
			<line number="30"  hits="1"  branch="false" />
			<line number="33"  hits="1"  branch="false" />
			<line number="34"  hits="0"  branch="true"  condition-coverage="0% (0/4)" />
			<line number="35"  hits="0"  branch="false" />
			<line number="37"  hits="0"  branch="true"  condition-coverage="0% (0/2)" />
			<line number="38"  hits="0"  branch="false" />
			<line number="42"  hits="1"  branch="true"  condition-coverage="100% (2/2)" />
			<line number="43"  hits="1"  branch="true"  condition-coverage="50% (1/2)" />
			<line number="44"  hits="1"  branch="false" />
			<line number="50"  hits="1"  branch="false" />
			<line number="52"  hits="1"  branch="false" />
			<line number="57"  hits="4"  branch="false" />
			<line number="58"  hits="0"  branch="true"  condition-coverage="0% (0/2)" />
			<line number="59"  hits="0"  branch="true"  condition-coverage="0% (0/2)" />
			<line number="60"  hits="0"  branch="false" />
			<line number="61"  hits="0"  branch="false" />
			<line number="62"  hits="0"  branch="false" />
			<line number="64"  hits="0"  branch="false" />
			<line number="67"  hits="4"  branch="false" />
			<line number="69"  hits="1"  branch="false" />
			<line number="71"  hits="4"  branch="false" />
			<line number="72"  hits="4"  branch="true"  condition-coverage="50% (1/2)" />
			<line number="75"  hits="0"  branch="false" />
			<line number="76"  hits="0"  branch="true"  condition-coverage="0% (0/2)" />
			<line number="77"  hits="0"  branch="false" />
			<line number="79"  hits="0"  branch="false" />
			<line number="83"  hits="0"  branch="false" />
			<line number="86"  hits="0"  branch="false" />
			<line number="87"  hits="0"  branch="true"  condition-coverage="0% (0/2)" />
			<line number="88"  hits="0"  branch="false" />
			<line number="94"  hits="1"  branch="false" />
			<line number="95"  hits="1"  branch="false" />
			<line number="98"  hits="0"  branch="false" />
			<line number="100"  hits="0"  branch="true"  condition-coverage="0% (0/2)" />
			<line number="101"  hits="0"  branch="true"  condition-coverage="0% (0/2)" />
			<line number="102"  hits="0"  branch="false" />
			<line number="103"  hits="0"  branch="false" />
			<line number="105"  hits="0"  branch="false" />
			<line number="106"  hits="0"  branch="false" />
			<line number="108"  hits="0"  branch="false" />
			<line number="111"  hits="1"  branch="false" />
			<line number="115"  hits="0"  branch="false" />
			<line number="117"  hits="0"  branch="true"  condition-coverage="0% (0/2)" />
			<line number="118"  hits="0"  branch="false" />
			<line number="120"  hits="0"  branch="false" />
			<line number="121"  hits="0"  branch="false" />
			<line number="122"  hits="0"  branch="true"  condition-coverage="0% (0/2)" />
			<line number="123"  hits="0"  branch="false" />
			<line number="125"  hits="0"  branch="false" />
			<line number="126"  hits="0"  branch="true"  condition-coverage="0% (0/2)" />
			<line number="127"  hits="0"  branch="false" />
			<line number="130"  hits="0"  branch="false" />
			<line number="131"  hits="0"  branch="false" />
			<line number="132"  hits="0"  branch="false" />
			<line number="136"  hits="0"  branch="true"  condition-coverage="0% (0/2)" />
			<line number="137"  hits="0"  branch="false" />
			<line number="141"  hits="0"  branch="false" />
			<line number="142"  hits="0"  branch="true"  condition-coverage="0% (0/2)" />
			<line number="143"  hits="0"  branch="false" />
			<line number="145"  hits="0"  branch="false" />
			<line number="148"  hits="1"  branch="false" />
			<line number="152"  hits="4"  branch="true"  condition-coverage="75% (3/4)" />
			<line number="153"  hits="0"  branch="false" />
			<line number="157"  hits="4"  branch="false" />
			<line number="159"  hits="4"  branch="false" />
			<line number="160"  hits="4"  branch="true"  condition-coverage="50% (1/2)" />
			<line number="161"  hits="4"  branch="false" />
			<line number="163"  hits="0"  branch="false" />
			<line number="164"  hits="0"  branch="true"  condition-coverage="0% (0/2)" />
			<line number="165"  hits="0"  branch="false" />
			<line number="170"  hits="0"  branch="true"  condition-coverage="0% (0/4)" />
			<line number="171"  hits="0"  branch="false" />
			<line number="175"  hits="0"  branch="false" />
			<line number="176"  hits="0"  branch="false" />
			<line number="177"  hits="0"  branch="false" />
			<line number="180"  hits="0"  branch="false" />
			<line number="181"  hits="0"  branch="true"  condition-coverage="0% (0/2)" />
			<line number="182"  hits="0"  branch="false" />
			<line number="184"  hits="0"  branch="false" />
			<line number="187"  hits="0"  branch="false" />
			<line number="188"  hits="0"  branch="false" />
			<line number="189"  hits="0"  branch="false" />
			<line number="191"  hits="0"  branch="false" />
			<line number="192"  hits="0"  branch="false" />
			<line number="193"  hits="0"  branch="false" />
			<line number="194"  hits="0"  branch="false" />
			<line number="195"  hits="0"  branch="false" />
			<line number="196"  hits="0"  branch="false" />
			<line number="199"  hits="0"  branch="false" />
			<line number="202"  hits="0"  branch="true"  condition-coverage="0% (0/4)" />
			<line number="205"  hits="0"  branch="true"  condition-coverage="0% (0/2)" />
			<line number="206"  hits="0"  branch="false" />
			<line number="210"  hits="0"  branch="false" />
			<line number="211"  hits="0"  branch="false" />
			<line number="215"  hits="0"  branch="false" />
			<line number="218"  hits="0"  branch="false" />
			<line number="221"  hits="1"  branch="false" />
			<line number="224"  hits="1"  branch="true"  condition-coverage="50% (1/2)" />
			<line number="225"  hits="0"  branch="false" />
			<line number="228"  hits="1"  branch="false" />
			<line number="229"  hits="4"  branch="true"  condition-coverage="50% (1/2)" />
			<line number="230"  hits="0"  branch="false" />
			<line number="234"  hits="1"  branch="false" />
			<line number="236"  hits="1"  branch="false" />
			<line number="237"  hits="0"  branch="false" />
			<line number="238"  hits="0"  branch="false" />
			<line number="241"  hits="1"  branch="false" />
			<line number="242"  hits="0"  branch="false" />
			<line number="243"  hits="0"  branch="false" />
			<line number="246"  hits="1"  branch="false" />
			<line number="247"  hits="4"  branch="false" />
			<line number="248"  hits="4"  branch="false" />
			<line number="252"  hits="1"  branch="false" />
			<line number="253"  hits="1"  branch="false" />
			<line number="255"  hits="1"  branch="false" />
			<line number="256"  hits="15"  branch="true"  condition-coverage="100% (2/2)" />
			<line number="257"  hits="2"  branch="false" />
			<line number="260"  hits="13"  branch="true"  condition-coverage="100% (2/2)" />
			<line number="263"  hits="13"  branch="false" />
			<line number="266"  hits="13"  branch="false" />
			<line number="269"  hits="13"  branch="true"  condition-coverage="100% (2/2)" />
			<line number="270"  hits="1"  branch="false" />
			<line number="274"  hits="13"  branch="false" />
			<line number="276"  hits="13"  branch="false" />
			<line number="277"  hits="13"  branch="false" />
			<line number="278"  hits="13"  branch="false" />
			<line number="279"  hits="13"  branch="false" />
			<line number="280"  hits="13"  branch="false" />
			<line number="282"  hits="1"  branch="false" />
			<line number="283"  hits="1"  branch="false" />
			<line number="284"  hits="1"  branch="false" />
			<line number="288"  hits="2"  branch="true"  condition-coverage="50% (1/2)" />
			<line number="291"  hits="2"  branch="false" />
			<line number="294"  hits="2"  branch="false" />
			<line number="297"  hits="2"  branch="true"  condition-coverage="100% (4/4)" />
			<line number="299"  hits="1"  branch="false" />
			<line number="300"  hits="1"  branch="false" />
			<line number="304"  hits="2"  branch="false" />
			<line number="305"  hits="2"  branch="true"  condition-coverage="50% (1/2)" />
			<line number="306"  hits="2"  branch="false" />
			<line number="307"  hits="2"  branch="false" />
			<line number="310"  hits="2"  branch="true"  condition-coverage="50% (1/2)" />
			<line number="311"  hits="2"  branch="true"  condition-coverage="50% (1/2)" />
			<line number="312"  hits="2"  branch="true"  condition-coverage="50% (1/2)" />
			<line number="313"  hits="2"  branch="false" />
			<line number="315"  hits="0"  branch="false" />
			<line number="318"  hits="1"  branch="false" />
			<line number="320"  hits="0"  branch="false" />
			<line number="322"  hits="1"  branch="false" />
			<line number="324"  hits="0"  branch="false" />
			<line number="328"  hits="1"  branch="true"  condition-coverage="50% (1/2)" />
			<line number="329"  hits="1"  branch="false" />
			<line number="330"  hits="2"  branch="false" />
			<line number="331"  hits="2"  branch="false" />
			<line number="332"  hits="9"  branch="true"  condition-coverage="50% (1/2)" />
			<line number="333"  hits="9"  branch="false" />
			<line number="339"  hits="2"  branch="false" />
			<line number="343"  hits="1"  branch="false" />
			<line number="345"  hits="1"  branch="false" />
			<line number="349"  hits="1"  branch="true"  condition-coverage="50% (1/2)" />
			<line number="351"  hits="0"  branch="false" />
			<line number="353"  hits="1"  branch="false" />
			<line number="354"  hits="1"  branch="false" />
			<line number="357"  hits="1"  branch="true"  condition-coverage="50% (2/4)" />
			<line number="358"  hits="0"  branch="false" />
		</lines>
		</class>
	</classes>
	</package>
</packages>
</coverage>
